*** Starting uWSGI 2.0.6 (64bit) on [Fri Sep  5 01:45:15 2014] ***
compiled with version: 4.2.1 Compatible Apple LLVM 5.1 (clang-503.0.40) on 21 August 2014 02:43:37
os: Darwin-13.3.0 Darwin Kernel Version 13.3.0: Tue Jun  3 21:27:35 PDT 2014; root:xnu-2422.110.17~1/RELEASE_X86_64
nodename: LeetekiMacBook-Pro.local
machine: x86_64
clock source: unix
pcre jit disabled
detected number of CPU cores: 4
current working directory: /Users/leejustin/Documents/SourceCode/GitHub/wangcai/wangcai_svr/account/sbin
detected binary path: /usr/local/bin/uwsgi
your processes number limit is 709
limiting address space of processes...
your process address space limit is 536870912 bytes (512 MB)
your memory page size is 4096 bytes
detected max file descriptor number: 256
lock engine: OSX spinlocks
thunder lock: disabled (you can enable it with --thunder-lock)
uwsgi socket 0 bound to TCP address 127.0.0.1:9627 fd 3
Python version: 2.7.5 (default, Mar  9 2014, 22:15:05)  [GCC 4.2.1 Compatible Apple LLVM 5.0 (clang-500.0.68)]
*** Python threads support is disabled. You can enable it with --enable-threads ***
Python main interpreter initialized at 0x7feff2f006b0
your server socket listen backlog is limited to 100 connections
your mercy for graceful operations on workers is 60 seconds
mapped 219248 bytes (214 KB) for 1 cores
*** Operational MODE: single process ***
Traceback (most recent call last):
  File "./account_svr.py", line 10, in <module>
    import req_register
  File "./req_register.py", line 11, in <module>
    import db_helper
  File "./db_helper.py", line 16, in <module>
    conn = MySQLdb.connect(host=MYSQL_HOST, user=MYSQL_USER, passwd=MYSQL_PASSWD, db=MYSQL_DB, charset='utf8')
  File "/Library/Python/2.7/site-packages/pymysql/__init__.py", line 88, in Connect
    return Connection(*args, **kwargs)
  File "/Library/Python/2.7/site-packages/pymysql/connections.py", line 626, in __init__
    self._connect()
  File "/Library/Python/2.7/site-packages/pymysql/connections.py", line 818, in _connect
    2003, "Can't connect to MySQL server on %r (%s)" % (self.host, e))
pymysql.err.OperationalError: (2003, "Can't connect to MySQL server on 'localhost' ([Errno 61] Connection refused)")
unable to load app 0 (mountpoint='') (callable not found or import error)
*** no app loaded. going in full dynamic mode ***
*** uWSGI is running in multiple interpreter mode ***
spawned uWSGI master process (pid: 5125)
spawned uWSGI worker 1 (pid: 5171, cores: 1)
--- no python application found, check your startup logs for errors ---
[pid: 5171|app: -1|req: -1/1] 127.0.0.1 () {36 vars in 507 bytes} [Fri Sep  5 01:47:19 2014] POST /register => generated 21 bytes in 0 msecs (HTTP/1.1 500) 2 headers in 83 bytes (0 switches on core 0)
*** EVIL RELOAD ON WORKER 1 ADDRESS SPACE: 2534494208 (pid: 5171) ***
DAMN ! worker 1 (pid: 5171) died, killed by signal 9 :( trying respawn ...
Respawned uWSGI worker 1 (new pid: 5650)
--- no python application found, check your startup logs for errors ---
[pid: 5650|app: -1|req: -1/2] 127.0.0.1 () {36 vars in 507 bytes} [Fri Sep  5 01:47:28 2014] POST /register => generated 21 bytes in 0 msecs (HTTP/1.1 500) 2 headers in 83 bytes (0 switches on core 0)
*** EVIL RELOAD ON WORKER 1 ADDRESS SPACE: 2534494208 (pid: 5650) ***
DAMN ! worker 1 (pid: 5650) died, killed by signal 9 :( trying respawn ...
Respawned uWSGI worker 1 (new pid: 5660)
--- no python application found, check your startup logs for errors ---
[pid: 5660|app: -1|req: -1/3] 127.0.0.1 () {36 vars in 507 bytes} [Fri Sep  5 01:47:33 2014] POST /register => generated 21 bytes in 0 msecs (HTTP/1.1 500) 2 headers in 83 bytes (0 switches on core 0)
*** EVIL RELOAD ON WORKER 1 ADDRESS SPACE: 2534494208 (pid: 5660) ***
DAMN ! worker 1 (pid: 5660) died, killed by signal 9 :( trying respawn ...
Respawned uWSGI worker 1 (new pid: 5669)
*** Starting uWSGI 2.0.6 (64bit) on [Fri Sep  5 01:47:57 2014] ***
compiled with version: 4.2.1 Compatible Apple LLVM 5.1 (clang-503.0.40) on 21 August 2014 02:43:37
os: Darwin-13.3.0 Darwin Kernel Version 13.3.0: Tue Jun  3 21:27:35 PDT 2014; root:xnu-2422.110.17~1/RELEASE_X86_64
nodename: LeetekiMacBook-Pro.local
machine: x86_64
clock source: unix
pcre jit disabled
detected number of CPU cores: 4
current working directory: /Users/leejustin/Documents/SourceCode/GitHub/wangcai/wangcai_svr/account/sbin
detected binary path: /usr/local/bin/uwsgi
your processes number limit is 709
limiting address space of processes...
your process address space limit is 536870912 bytes (512 MB)
your memory page size is 4096 bytes
detected max file descriptor number: 256
lock engine: OSX spinlocks
thunder lock: disabled (you can enable it with --thunder-lock)
uwsgi socket 0 bound to TCP address 127.0.0.1:9627 fd 3
Python version: 2.7.5 (default, Mar  9 2014, 22:15:05)  [GCC 4.2.1 Compatible Apple LLVM 5.0 (clang-500.0.68)]
*** Python threads support is disabled. You can enable it with --enable-threads ***
Python main interpreter initialized at 0x7fde2340b190
your server socket listen backlog is limited to 100 connections
your mercy for graceful operations on workers is 60 seconds
mapped 219248 bytes (214 KB) for 1 cores
*** Operational MODE: single process ***
WSGI app 0 (mountpoint='') ready in 1 seconds on interpreter 0x7fde2340b190 pid: 5775 (default app)
*** uWSGI is running in multiple interpreter mode ***
spawned uWSGI master process (pid: 5775)
spawned uWSGI worker 1 (pid: 5819, cores: 1)
[pid: 5819|app: 0|req: 1/1] 127.0.0.1 () {36 vars in 507 bytes} [Fri Sep  5 01:48:14 2014] POST /register => generated 143 bytes in 81 msecs (HTTP/1.1 200) 0 headers in 19 bytes (2 switches on core 0)
*** EVIL RELOAD ON WORKER 1 ADDRESS SPACE: 2544054272 (pid: 5819) ***
DAMN ! worker 1 (pid: 5819) died, killed by signal 9 :( trying respawn ...
Respawned uWSGI worker 1 (new pid: 5851)
[pid: 5851|app: 0|req: 2/2] 127.0.0.1 () {36 vars in 507 bytes} [Fri Sep  5 01:52:39 2014] POST /register => generated 144 bytes in 18 msecs (HTTP/1.1 200) 0 headers in 19 bytes (2 switches on core 0)
*** EVIL RELOAD ON WORKER 1 ADDRESS SPACE: 2534494208 (pid: 5851) ***
DAMN ! worker 1 (pid: 5851) died, killed by signal 9 :( trying respawn ...
Respawned uWSGI worker 1 (new pid: 6114)
[pid: 6114|app: 0|req: 3/3] 127.0.0.1 () {36 vars in 507 bytes} [Fri Sep  5 02:17:29 2014] POST /register => generated 144 bytes in 17 msecs (HTTP/1.1 200) 0 headers in 19 bytes (2 switches on core 0)
*** EVIL RELOAD ON WORKER 1 ADDRESS SPACE: 2534494208 (pid: 6114) ***
DAMN ! worker 1 (pid: 6114) died, killed by signal 9 :( trying respawn ...
Respawned uWSGI worker 1 (new pid: 7492)
[pid: 7492|app: 0|req: 4/4] 127.0.0.1 () {36 vars in 509 bytes} [Fri Sep  5 02:18:12 2014] POST /bind_phone => generated 81 bytes in 28 msecs (HTTP/1.1 200) 0 headers in 19 bytes (2 switches on core 0)
*** EVIL RELOAD ON WORKER 1 ADDRESS SPACE: 2534494208 (pid: 7492) ***
DAMN ! worker 1 (pid: 7492) died, killed by signal 9 :( trying respawn ...
Respawned uWSGI worker 1 (new pid: 7553)
[pid: 7553|app: 0|req: 5/5] 127.0.0.1 () {36 vars in 507 bytes} [Fri Sep  5 02:18:23 2014] POST /register => generated 160 bytes in 18 msecs (HTTP/1.1 200) 0 headers in 19 bytes (2 switches on core 0)
*** EVIL RELOAD ON WORKER 1 ADDRESS SPACE: 2534494208 (pid: 7553) ***
DAMN ! worker 1 (pid: 7553) died, killed by signal 9 :( trying respawn ...
Respawned uWSGI worker 1 (new pid: 7569)
[pid: 7569|app: 0|req: 6/6] 127.0.0.1 () {36 vars in 507 bytes} [Fri Sep  5 02:25:49 2014] POST /register => generated 160 bytes in 18 msecs (HTTP/1.1 200) 0 headers in 19 bytes (2 switches on core 0)
*** EVIL RELOAD ON WORKER 1 ADDRESS SPACE: 2534494208 (pid: 7569) ***
DAMN ! worker 1 (pid: 7569) died, killed by signal 9 :( trying respawn ...
Respawned uWSGI worker 1 (new pid: 8068)
[pid: 8068|app: 0|req: 7/7] 127.0.0.1 () {32 vars in 495 bytes} [Fri Sep  5 02:26:02 2014] GET /user_info?userid=1&device_id=794badce379550935db3993f780d3964 => generated 166 bytes in 9 msecs (HTTP/1.1 200) 0 headers in 19 bytes (2 switches on core 0)
*** EVIL RELOAD ON WORKER 1 ADDRESS SPACE: 2534494208 (pid: 8068) ***
DAMN ! worker 1 (pid: 8068) died, killed by signal 9 :( trying respawn ...
Respawned uWSGI worker 1 (new pid: 8088)
[pid: 8088|app: 0|req: 8/8] 127.0.0.1 () {32 vars in 495 bytes} [Fri Sep  5 02:26:15 2014] GET /user_info?userid=1&device_id=794badce379550935db3993f780d3964 => generated 166 bytes in 10 msecs (HTTP/1.1 200) 0 headers in 19 bytes (2 switches on core 0)
*** EVIL RELOAD ON WORKER 1 ADDRESS SPACE: 2534494208 (pid: 8088) ***
DAMN ! worker 1 (pid: 8088) died, killed by signal 9 :( trying respawn ...
Respawned uWSGI worker 1 (new pid: 8105)
[pid: 8105|app: 0|req: 9/9] 127.0.0.1 () {36 vars in 507 bytes} [Fri Sep  5 02:26:21 2014] POST /register => generated 160 bytes in 23 msecs (HTTP/1.1 200) 0 headers in 19 bytes (2 switches on core 0)
*** EVIL RELOAD ON WORKER 1 ADDRESS SPACE: 2534494208 (pid: 8105) ***
DAMN ! worker 1 (pid: 8105) died, killed by signal 9 :( trying respawn ...
Respawned uWSGI worker 1 (new pid: 8121)
Sun Sep  7 01:23:00 2014 - SIGPIPE: writing to a closed pipe/socket/fd (probably the client disconnected) on request /register (ip 127.0.0.1) !!!
[pid: 8121|app: 0|req: 10/10] 127.0.0.1 () {36 vars in 507 bytes} [Sun Sep  7 01:23:00 2014] POST /register => generated 143 bytes in 390 msecs (HTTP/1.1 200) 0 headers in 19 bytes (2 switches on core 0)
*** EVIL RELOAD ON WORKER 1 ADDRESS SPACE: 2544054272 (pid: 8121) ***
DAMN ! worker 1 (pid: 8121) died, killed by signal 9 :( trying respawn ...
Respawned uWSGI worker 1 (new pid: 15439)
