*** Starting uWSGI 2.0.6 (64bit) on [Thu Sep  4 12:43:14 2014] ***
compiled with version: 4.2.1 Compatible Apple LLVM 5.1 (clang-503.0.40) on 21 August 2014 02:43:37
os: Darwin-13.3.0 Darwin Kernel Version 13.3.0: Tue Jun  3 21:27:35 PDT 2014; root:xnu-2422.110.17~1/RELEASE_X86_64
nodename: LeetekiMacBook-Pro.local
machine: x86_64
clock source: unix
pcre jit disabled
detected number of CPU cores: 4
current working directory: /Users/leejustin/Documents/SourceCode/GitHub/wangcai/wangcai_svr/task/sbin
detected binary path: /usr/local/bin/uwsgi
your processes number limit is 709
limiting address space of processes...
your process address space limit is 536870912 bytes (512 MB)
your memory page size is 4096 bytes
detected max file descriptor number: 256
lock engine: OSX spinlocks
thunder lock: disabled (you can enable it with --thunder-lock)
uwsgi socket 0 bound to TCP address 127.0.0.1:9727 fd 3
Python version: 2.7.5 (default, Mar  9 2014, 22:15:05)  [GCC 4.2.1 Compatible Apple LLVM 5.0 (clang-500.0.68)]
*** Python threads support is disabled. You can enable it with --enable-threads ***
Python main interpreter initialized at 0x7fe213e00bc0
your server socket listen backlog is limited to 100 connections
your mercy for graceful operations on workers is 60 seconds
mapped 219248 bytes (214 KB) for 1 cores
*** Operational MODE: single process ***
Traceback (most recent call last):
  File "./task_svr.py", line 12, in <module>
    import req_task_of_device
  File "./req_task_of_device.py", line 6, in <module>
    import db_helper
  File "./db_helper.py", line 13, in <module>
    conn = MySQLdb.connect(host=MYSQL_HOST, user=MYSQL_USER, passwd=MYSQL_PASSWD, db=MYSQL_DB, charset='utf8')
  File "/Library/Python/2.7/site-packages/pymysql/__init__.py", line 88, in Connect
    return Connection(*args, **kwargs)
  File "/Library/Python/2.7/site-packages/pymysql/connections.py", line 626, in __init__
    self._connect()
  File "/Library/Python/2.7/site-packages/pymysql/connections.py", line 818, in _connect
    2003, "Can't connect to MySQL server on %r (%s)" % (self.host, e))
pymysql.err.OperationalError: (2003, "Can't connect to MySQL server on 'localhost' ([Errno 61] Connection refused)")
unable to load app 0 (mountpoint='') (callable not found or import error)
*** no app loaded. going in full dynamic mode ***
*** uWSGI is running in multiple interpreter mode ***
spawned uWSGI master process (pid: 6743)
spawned uWSGI worker 1 (pid: 6787, cores: 1)
*** Starting uWSGI 2.0.6 (64bit) on [Thu Sep  4 12:58:41 2014] ***
compiled with version: 4.2.1 Compatible Apple LLVM 5.1 (clang-503.0.40) on 21 August 2014 02:43:37
os: Darwin-13.3.0 Darwin Kernel Version 13.3.0: Tue Jun  3 21:27:35 PDT 2014; root:xnu-2422.110.17~1/RELEASE_X86_64
nodename: LeetekiMacBook-Pro.local
machine: x86_64
clock source: unix
pcre jit disabled
detected number of CPU cores: 4
current working directory: /Users/leejustin/Documents/SourceCode/GitHub/wangcai/wangcai_svr/task/sbin
detected binary path: /usr/local/bin/uwsgi
your processes number limit is 709
limiting address space of processes...
your process address space limit is 536870912 bytes (512 MB)
your memory page size is 4096 bytes
detected max file descriptor number: 256
lock engine: OSX spinlocks
thunder lock: disabled (you can enable it with --thunder-lock)
uwsgi socket 0 bound to TCP address 127.0.0.1:9727 fd 3
Python version: 2.7.5 (default, Mar  9 2014, 22:15:05)  [GCC 4.2.1 Compatible Apple LLVM 5.0 (clang-500.0.68)]
*** Python threads support is disabled. You can enable it with --enable-threads ***
Python main interpreter initialized at 0x7fc460c0b5b0
your server socket listen backlog is limited to 100 connections
your mercy for graceful operations on workers is 60 seconds
mapped 219248 bytes (214 KB) for 1 cores
*** Operational MODE: single process ***
Traceback (most recent call last):
  File "./task_svr.py", line 12, in <module>
    import req_task_of_device
  File "./req_task_of_device.py", line 6, in <module>
    import db_helper
  File "./db_helper.py", line 13, in <module>
    conn = MySQLdb.connect(host=MYSQL_HOST, user=MYSQL_USER, passwd=MYSQL_PASSWD, db=MYSQL_DB, charset='utf8')
  File "/Library/Python/2.7/site-packages/pymysql/__init__.py", line 88, in Connect
    return Connection(*args, **kwargs)
  File "/Library/Python/2.7/site-packages/pymysql/connections.py", line 626, in __init__
    self._connect()
  File "/Library/Python/2.7/site-packages/pymysql/connections.py", line 818, in _connect
    2003, "Can't connect to MySQL server on %r (%s)" % (self.host, e))
pymysql.err.OperationalError: (2003, "Can't connect to MySQL server on 'localhost' ([Errno 61] Connection refused)")
unable to load app 0 (mountpoint='') (callable not found or import error)
*** no app loaded. going in full dynamic mode ***
*** uWSGI is running in multiple interpreter mode ***
spawned uWSGI master process (pid: 7014)
spawned uWSGI worker 1 (pid: 7053, cores: 1)
*** Starting uWSGI 2.0.6 (64bit) on [Fri Sep  5 00:15:24 2014] ***
compiled with version: 4.2.1 Compatible Apple LLVM 5.1 (clang-503.0.40) on 21 August 2014 02:43:37
os: Darwin-13.3.0 Darwin Kernel Version 13.3.0: Tue Jun  3 21:27:35 PDT 2014; root:xnu-2422.110.17~1/RELEASE_X86_64
nodename: LeetekiMacBook-Pro.local
machine: x86_64
clock source: unix
pcre jit disabled
detected number of CPU cores: 4
current working directory: /Users/leejustin/Documents/SourceCode/GitHub/wangcai/wangcai_svr/task/sbin
detected binary path: /usr/local/bin/uwsgi
your processes number limit is 709
limiting address space of processes...
your process address space limit is 536870912 bytes (512 MB)
your memory page size is 4096 bytes
detected max file descriptor number: 256
lock engine: OSX spinlocks
thunder lock: disabled (you can enable it with --thunder-lock)
uwsgi socket 0 bound to TCP address 127.0.0.1:9727 fd 3
Python version: 2.7.5 (default, Mar  9 2014, 22:15:05)  [GCC 4.2.1 Compatible Apple LLVM 5.0 (clang-500.0.68)]
*** Python threads support is disabled. You can enable it with --enable-threads ***
Python main interpreter initialized at 0x7f9251e03fd0
your server socket listen backlog is limited to 100 connections
your mercy for graceful operations on workers is 60 seconds
mapped 219248 bytes (214 KB) for 1 cores
*** Operational MODE: single process ***
Traceback (most recent call last):
  File "./task_svr.py", line 12, in <module>
    import req_task_of_device
  File "./req_task_of_device.py", line 6, in <module>
    import db_helper
  File "./db_helper.py", line 13, in <module>
    conn = MySQLdb.connect(host=MYSQL_HOST, user=MYSQL_USER, passwd=MYSQL_PASSWD, db=MYSQL_DB, charset='utf8')
  File "/Library/Python/2.7/site-packages/pymysql/__init__.py", line 88, in Connect
    return Connection(*args, **kwargs)
  File "/Library/Python/2.7/site-packages/pymysql/connections.py", line 626, in __init__
    self._connect()
  File "/Library/Python/2.7/site-packages/pymysql/connections.py", line 818, in _connect
    2003, "Can't connect to MySQL server on %r (%s)" % (self.host, e))
pymysql.err.OperationalError: (2003, "Can't connect to MySQL server on 'localhost' ([Errno 61] Connection refused)")
unable to load app 0 (mountpoint='') (callable not found or import error)
*** no app loaded. going in full dynamic mode ***
*** uWSGI is running in multiple interpreter mode ***
spawned uWSGI master process (pid: 4245)
spawned uWSGI worker 1 (pid: 4289, cores: 1)
*** Starting uWSGI 2.0.6 (64bit) on [Fri Sep  5 01:36:02 2014] ***
compiled with version: 4.2.1 Compatible Apple LLVM 5.1 (clang-503.0.40) on 21 August 2014 02:43:37
os: Darwin-13.3.0 Darwin Kernel Version 13.3.0: Tue Jun  3 21:27:35 PDT 2014; root:xnu-2422.110.17~1/RELEASE_X86_64
nodename: LeetekiMacBook-Pro.local
machine: x86_64
clock source: unix
pcre jit disabled
detected number of CPU cores: 4
current working directory: /Users/leejustin/Documents/SourceCode/GitHub/wangcai/wangcai_svr/task/sbin
detected binary path: /usr/local/bin/uwsgi
your processes number limit is 709
limiting address space of processes...
your process address space limit is 536870912 bytes (512 MB)
your memory page size is 4096 bytes
detected max file descriptor number: 256
lock engine: OSX spinlocks
thunder lock: disabled (you can enable it with --thunder-lock)
uwsgi socket 0 bound to TCP address 127.0.0.1:9727 fd 3
Python version: 2.7.5 (default, Mar  9 2014, 22:15:05)  [GCC 4.2.1 Compatible Apple LLVM 5.0 (clang-500.0.68)]
*** Python threads support is disabled. You can enable it with --enable-threads ***
Python main interpreter initialized at 0x7fe580e00bd0
your server socket listen backlog is limited to 100 connections
your mercy for graceful operations on workers is 60 seconds
mapped 219248 bytes (214 KB) for 1 cores
*** Operational MODE: single process ***
Traceback (most recent call last):
  File "./task_svr.py", line 12, in <module>
    import req_task_of_device
  File "./req_task_of_device.py", line 6, in <module>
    import db_helper
  File "./db_helper.py", line 13, in <module>
    conn = MySQLdb.connect(host=MYSQL_HOST, user=MYSQL_USER, passwd=MYSQL_PASSWD, db=MYSQL_DB, charset='utf8')
  File "/Library/Python/2.7/site-packages/pymysql/__init__.py", line 88, in Connect
    return Connection(*args, **kwargs)
  File "/Library/Python/2.7/site-packages/pymysql/connections.py", line 626, in __init__
    self._connect()
  File "/Library/Python/2.7/site-packages/pymysql/connections.py", line 818, in _connect
    2003, "Can't connect to MySQL server on %r (%s)" % (self.host, e))
pymysql.err.OperationalError: (2003, "Can't connect to MySQL server on 'localhost' ([Errno 61] Connection refused)")
unable to load app 0 (mountpoint='') (callable not found or import error)
*** no app loaded. going in full dynamic mode ***
*** uWSGI is running in multiple interpreter mode ***
spawned uWSGI master process (pid: 4937)
spawned uWSGI worker 1 (pid: 4979, cores: 1)
*** Starting uWSGI 2.0.6 (64bit) on [Fri Sep  5 01:45:15 2014] ***
compiled with version: 4.2.1 Compatible Apple LLVM 5.1 (clang-503.0.40) on 21 August 2014 02:43:37
os: Darwin-13.3.0 Darwin Kernel Version 13.3.0: Tue Jun  3 21:27:35 PDT 2014; root:xnu-2422.110.17~1/RELEASE_X86_64
nodename: LeetekiMacBook-Pro.local
machine: x86_64
clock source: unix
pcre jit disabled
detected number of CPU cores: 4
current working directory: /Users/leejustin/Documents/SourceCode/GitHub/wangcai/wangcai_svr/task/sbin
detected binary path: /usr/local/bin/uwsgi
your processes number limit is 709
limiting address space of processes...
your process address space limit is 536870912 bytes (512 MB)
your memory page size is 4096 bytes
detected max file descriptor number: 256
lock engine: OSX spinlocks
thunder lock: disabled (you can enable it with --thunder-lock)
uwsgi socket 0 bound to TCP address 127.0.0.1:9727 fd 3
Python version: 2.7.5 (default, Mar  9 2014, 22:15:05)  [GCC 4.2.1 Compatible Apple LLVM 5.0 (clang-500.0.68)]
*** Python threads support is disabled. You can enable it with --enable-threads ***
Python main interpreter initialized at 0x7fa909700490
your server socket listen backlog is limited to 100 connections
your mercy for graceful operations on workers is 60 seconds
mapped 219248 bytes (214 KB) for 1 cores
*** Operational MODE: single process ***
Traceback (most recent call last):
  File "./task_svr.py", line 12, in <module>
    import req_task_of_device
  File "./req_task_of_device.py", line 6, in <module>
    import db_helper
  File "./db_helper.py", line 13, in <module>
    conn = MySQLdb.connect(host=MYSQL_HOST, user=MYSQL_USER, passwd=MYSQL_PASSWD, db=MYSQL_DB, charset='utf8')
  File "/Library/Python/2.7/site-packages/pymysql/__init__.py", line 88, in Connect
    return Connection(*args, **kwargs)
  File "/Library/Python/2.7/site-packages/pymysql/connections.py", line 626, in __init__
    self._connect()
  File "/Library/Python/2.7/site-packages/pymysql/connections.py", line 818, in _connect
    2003, "Can't connect to MySQL server on %r (%s)" % (self.host, e))
pymysql.err.OperationalError: (2003, "Can't connect to MySQL server on 'localhost' ([Errno 61] Connection refused)")
unable to load app 0 (mountpoint='') (callable not found or import error)
*** no app loaded. going in full dynamic mode ***
*** uWSGI is running in multiple interpreter mode ***
spawned uWSGI master process (pid: 5130)
spawned uWSGI worker 1 (pid: 5173, cores: 1)
*** Starting uWSGI 2.0.6 (64bit) on [Fri Sep  5 01:47:57 2014] ***
compiled with version: 4.2.1 Compatible Apple LLVM 5.1 (clang-503.0.40) on 21 August 2014 02:43:37
os: Darwin-13.3.0 Darwin Kernel Version 13.3.0: Tue Jun  3 21:27:35 PDT 2014; root:xnu-2422.110.17~1/RELEASE_X86_64
nodename: LeetekiMacBook-Pro.local
machine: x86_64
clock source: unix
pcre jit disabled
detected number of CPU cores: 4
current working directory: /Users/leejustin/Documents/SourceCode/GitHub/wangcai/wangcai_svr/task/sbin
detected binary path: /usr/local/bin/uwsgi
your processes number limit is 709
limiting address space of processes...
your process address space limit is 536870912 bytes (512 MB)
your memory page size is 4096 bytes
detected max file descriptor number: 256
lock engine: OSX spinlocks
thunder lock: disabled (you can enable it with --thunder-lock)
uwsgi socket 0 bound to TCP address 127.0.0.1:9727 fd 3
Python version: 2.7.5 (default, Mar  9 2014, 22:15:05)  [GCC 4.2.1 Compatible Apple LLVM 5.0 (clang-500.0.68)]
*** Python threads support is disabled. You can enable it with --enable-threads ***
Python main interpreter initialized at 0x7fb7a06008c0
your server socket listen backlog is limited to 100 connections
your mercy for graceful operations on workers is 60 seconds
mapped 219248 bytes (214 KB) for 1 cores
*** Operational MODE: single process ***
WSGI app 0 (mountpoint='') ready in 1 seconds on interpreter 0x7fb7a06008c0 pid: 5780 (default app)
*** uWSGI is running in multiple interpreter mode ***
spawned uWSGI master process (pid: 5780)
spawned uWSGI worker 1 (pid: 5822, cores: 1)
[pid: 5822|app: 0|req: 1/1] 127.0.0.1 () {32 vars in 497 bytes} [Fri Sep  5 01:48:14 2014] GET /list/task_of_device?device_id=794badce379550935db3993f780d3964 => generated 1794 bytes in 32 msecs (HTTP/1.1 200) 0 headers in 19 bytes (2 switches on core 0)
[pid: 5822|app: 0|req: 2/2] 127.0.0.1 () {32 vars in 497 bytes} [Fri Sep  5 01:52:39 2014] GET /list/task_of_device?device_id=794badce379550935db3993f780d3964 => generated 1794 bytes in 11 msecs (HTTP/1.1 200) 0 headers in 19 bytes (2 switches on core 0)
[pid: 5822|app: 0|req: 3/3] 127.0.0.1 () {32 vars in 497 bytes} [Fri Sep  5 02:17:29 2014] GET /list/task_of_device?device_id=794badce379550935db3993f780d3964 => generated 1794 bytes in 9 msecs (HTTP/1.1 200) 0 headers in 19 bytes (2 switches on core 0)
[pid: 5822|app: 0|req: 4/4] 127.0.0.1 () {32 vars in 497 bytes} [Fri Sep  5 02:18:24 2014] GET /list/task_of_device?device_id=794badce379550935db3993f780d3964 => generated 1794 bytes in 9 msecs (HTTP/1.1 200) 0 headers in 19 bytes (3 switches on core 0)
[pid: 5822|app: 0|req: 5/5] 127.0.0.1 () {32 vars in 425 bytes} [Fri Sep  5 02:18:24 2014] GET /list/task_of_user?userid=1 => generated 1309 bytes in 11 msecs (HTTP/1.1 200) 0 headers in 19 bytes (3 switches on core 0)
[pid: 5822|app: 0|req: 6/6] 127.0.0.1 () {36 vars in 505 bytes} [Fri Sep  5 02:18:37 2014] POST /check-in => generated 22 bytes in 39 msecs (HTTP/1.1 200) 0 headers in 19 bytes (2 switches on core 0)
[pid: 5822|app: 0|req: 7/7] 127.0.0.1 () {36 vars in 517 bytes} [Fri Sep  5 02:25:41 2014] POST /report_comment => generated 24 bytes in 18 msecs (HTTP/1.1 200) 0 headers in 19 bytes (3 switches on core 0)
[pid: 5822|app: 0|req: 8/8] 127.0.0.1 () {32 vars in 497 bytes} [Fri Sep  5 02:25:49 2014] GET /list/task_of_device?device_id=794badce379550935db3993f780d3964 => generated 1795 bytes in 9 msecs (HTTP/1.1 200) 0 headers in 19 bytes (2 switches on core 0)
[pid: 5822|app: 0|req: 9/9] 127.0.0.1 () {32 vars in 425 bytes} [Fri Sep  5 02:25:49 2014] GET /list/task_of_user?userid=1 => generated 1311 bytes in 6 msecs (HTTP/1.1 200) 0 headers in 19 bytes (3 switches on core 0)
[pid: 5822|app: 0|req: 10/10] 127.0.0.1 () {32 vars in 497 bytes} [Fri Sep  5 02:26:22 2014] GET /list/task_of_device?device_id=794badce379550935db3993f780d3964 => generated 1795 bytes in 8 msecs (HTTP/1.1 200) 0 headers in 19 bytes (2 switches on core 0)
[pid: 5822|app: 0|req: 11/11] 127.0.0.1 () {32 vars in 425 bytes} [Fri Sep  5 02:26:22 2014] GET /list/task_of_user?userid=1 => generated 1311 bytes in 7 msecs (HTTP/1.1 200) 0 headers in 19 bytes (3 switches on core 0)
Sun Sep  7 01:23:01 2014 - SIGPIPE: writing to a closed pipe/socket/fd (probably the client disconnected) on request /list/task_of_device?device_id=c4349e3b8f9bee145c5b419dc4edc35a (ip 127.0.0.1) !!!
[pid: 5822|app: 0|req: 12/12] 127.0.0.1 () {32 vars in 497 bytes} [Sun Sep  7 01:23:01 2014] GET /list/task_of_device?device_id=c4349e3b8f9bee145c5b419dc4edc35a => generated 1794 bytes in 61 msecs (HTTP/1.1 200) 0 headers in 19 bytes (2 switches on core 0)
