*** Starting uWSGI 2.0.6 (64bit) on [Thu Sep  4 12:43:14 2014] ***
compiled with version: 4.2.1 Compatible Apple LLVM 5.1 (clang-503.0.40) on 21 August 2014 02:43:37
os: Darwin-13.3.0 Darwin Kernel Version 13.3.0: Tue Jun  3 21:27:35 PDT 2014; root:xnu-2422.110.17~1/RELEASE_X86_64
nodename: LeetekiMacBook-Pro.local
machine: x86_64
clock source: unix
pcre jit disabled
detected number of CPU cores: 4
current working directory: /Users/leejustin/Documents/SourceCode/GitHub/wangcai/wangcai_svr/billing/sbin
detected binary path: /usr/local/bin/uwsgi
your processes number limit is 709
limiting address space of processes...
your process address space limit is 536870912 bytes (512 MB)
your memory page size is 4096 bytes
detected max file descriptor number: 256
lock engine: OSX spinlocks
thunder lock: disabled (you can enable it with --thunder-lock)
uwsgi socket 0 bound to TCP address 127.0.0.1:9827 fd 3
Python version: 2.7.5 (default, Mar  9 2014, 22:15:05)  [GCC 4.2.1 Compatible Apple LLVM 5.0 (clang-500.0.68)]
*** Python threads support is disabled. You can enable it with --enable-threads ***
Python main interpreter initialized at 0x7fb568600e30
your server socket listen backlog is limited to 100 connections
your mercy for graceful operations on workers is 60 seconds
mapped 219248 bytes (214 KB) for 1 cores
*** Operational MODE: single process ***
Traceback (most recent call last):
  File "./billing_svr.py", line 12, in <module>
    import req_activate_account
  File "./req_activate_account.py", line 7, in <module>
    import db_helper
  File "./db_helper.py", line 14, in <module>
    conn = MySQLdb.connect(host=MYSQL_HOST, user=MYSQL_USER, passwd=MYSQL_PASSWD, db=MYSQL_DB, charset='utf8')
  File "/Library/Python/2.7/site-packages/pymysql/__init__.py", line 88, in Connect
    return Connection(*args, **kwargs)
  File "/Library/Python/2.7/site-packages/pymysql/connections.py", line 626, in __init__
    self._connect()
  File "/Library/Python/2.7/site-packages/pymysql/connections.py", line 818, in _connect
    2003, "Can't connect to MySQL server on %r (%s)" % (self.host, e))
pymysql.err.OperationalError: (2003, "Can't connect to MySQL server on 'localhost' ([Errno 61] Connection refused)")
unable to load app 0 (mountpoint='') (callable not found or import error)
*** no app loaded. going in full dynamic mode ***
*** uWSGI is running in multiple interpreter mode ***
spawned uWSGI master process (pid: 6753)
spawned uWSGI worker 1 (pid: 6785, cores: 1)
*** Starting uWSGI 2.0.6 (64bit) on [Thu Sep  4 12:58:41 2014] ***
compiled with version: 4.2.1 Compatible Apple LLVM 5.1 (clang-503.0.40) on 21 August 2014 02:43:37
os: Darwin-13.3.0 Darwin Kernel Version 13.3.0: Tue Jun  3 21:27:35 PDT 2014; root:xnu-2422.110.17~1/RELEASE_X86_64
nodename: LeetekiMacBook-Pro.local
machine: x86_64
clock source: unix
pcre jit disabled
detected number of CPU cores: 4
current working directory: /Users/leejustin/Documents/SourceCode/GitHub/wangcai/wangcai_svr/billing/sbin
detected binary path: /usr/local/bin/uwsgi
your processes number limit is 709
limiting address space of processes...
your process address space limit is 536870912 bytes (512 MB)
your memory page size is 4096 bytes
detected max file descriptor number: 256
lock engine: OSX spinlocks
thunder lock: disabled (you can enable it with --thunder-lock)
uwsgi socket 0 bound to TCP address 127.0.0.1:9827 fd 3
Python version: 2.7.5 (default, Mar  9 2014, 22:15:05)  [GCC 4.2.1 Compatible Apple LLVM 5.0 (clang-500.0.68)]
*** Python threads support is disabled. You can enable it with --enable-threads ***
Python main interpreter initialized at 0x7fb94ad00ea0
your server socket listen backlog is limited to 100 connections
your mercy for graceful operations on workers is 60 seconds
mapped 219248 bytes (214 KB) for 1 cores
*** Operational MODE: single process ***
Traceback (most recent call last):
  File "./billing_svr.py", line 12, in <module>
    import req_activate_account
  File "./req_activate_account.py", line 7, in <module>
    import db_helper
  File "./db_helper.py", line 14, in <module>
    conn = MySQLdb.connect(host=MYSQL_HOST, user=MYSQL_USER, passwd=MYSQL_PASSWD, db=MYSQL_DB, charset='utf8')
  File "/Library/Python/2.7/site-packages/pymysql/__init__.py", line 88, in Connect
    return Connection(*args, **kwargs)
  File "/Library/Python/2.7/site-packages/pymysql/connections.py", line 626, in __init__
    self._connect()
  File "/Library/Python/2.7/site-packages/pymysql/connections.py", line 818, in _connect
    2003, "Can't connect to MySQL server on %r (%s)" % (self.host, e))
pymysql.err.OperationalError: (2003, "Can't connect to MySQL server on 'localhost' ([Errno 61] Connection refused)")
unable to load app 0 (mountpoint='') (callable not found or import error)
*** no app loaded. going in full dynamic mode ***
*** uWSGI is running in multiple interpreter mode ***
spawned uWSGI master process (pid: 7024)
spawned uWSGI worker 1 (pid: 7056, cores: 1)
*** Starting uWSGI 2.0.6 (64bit) on [Fri Sep  5 00:15:24 2014] ***
compiled with version: 4.2.1 Compatible Apple LLVM 5.1 (clang-503.0.40) on 21 August 2014 02:43:37
os: Darwin-13.3.0 Darwin Kernel Version 13.3.0: Tue Jun  3 21:27:35 PDT 2014; root:xnu-2422.110.17~1/RELEASE_X86_64
nodename: LeetekiMacBook-Pro.local
machine: x86_64
clock source: unix
pcre jit disabled
detected number of CPU cores: 4
current working directory: /Users/leejustin/Documents/SourceCode/GitHub/wangcai/wangcai_svr/billing/sbin
detected binary path: /usr/local/bin/uwsgi
your processes number limit is 709
limiting address space of processes...
your process address space limit is 536870912 bytes (512 MB)
your memory page size is 4096 bytes
detected max file descriptor number: 256
lock engine: OSX spinlocks
thunder lock: disabled (you can enable it with --thunder-lock)
uwsgi socket 0 bound to TCP address 127.0.0.1:9827 fd 3
Python version: 2.7.5 (default, Mar  9 2014, 22:15:05)  [GCC 4.2.1 Compatible Apple LLVM 5.0 (clang-500.0.68)]
*** Python threads support is disabled. You can enable it with --enable-threads ***
Python main interpreter initialized at 0x7f9a81c05bb0
your server socket listen backlog is limited to 100 connections
your mercy for graceful operations on workers is 60 seconds
mapped 219248 bytes (214 KB) for 1 cores
*** Operational MODE: single process ***
Traceback (most recent call last):
  File "./billing_svr.py", line 12, in <module>
    import req_activate_account
  File "./req_activate_account.py", line 7, in <module>
    import db_helper
  File "./db_helper.py", line 14, in <module>
    conn = MySQLdb.connect(host=MYSQL_HOST, user=MYSQL_USER, passwd=MYSQL_PASSWD, db=MYSQL_DB, charset='utf8')
  File "/Library/Python/2.7/site-packages/pymysql/__init__.py", line 88, in Connect
    return Connection(*args, **kwargs)
  File "/Library/Python/2.7/site-packages/pymysql/connections.py", line 626, in __init__
    self._connect()
  File "/Library/Python/2.7/site-packages/pymysql/connections.py", line 818, in _connect
    2003, "Can't connect to MySQL server on %r (%s)" % (self.host, e))
pymysql.err.OperationalError: (2003, "Can't connect to MySQL server on 'localhost' ([Errno 61] Connection refused)")
unable to load app 0 (mountpoint='') (callable not found or import error)
*** no app loaded. going in full dynamic mode ***
*** uWSGI is running in multiple interpreter mode ***
spawned uWSGI master process (pid: 4255)
spawned uWSGI worker 1 (pid: 4286, cores: 1)
*** Starting uWSGI 2.0.6 (64bit) on [Fri Sep  5 01:36:02 2014] ***
compiled with version: 4.2.1 Compatible Apple LLVM 5.1 (clang-503.0.40) on 21 August 2014 02:43:37
os: Darwin-13.3.0 Darwin Kernel Version 13.3.0: Tue Jun  3 21:27:35 PDT 2014; root:xnu-2422.110.17~1/RELEASE_X86_64
nodename: LeetekiMacBook-Pro.local
machine: x86_64
clock source: unix
pcre jit disabled
detected number of CPU cores: 4
current working directory: /Users/leejustin/Documents/SourceCode/GitHub/wangcai/wangcai_svr/billing/sbin
detected binary path: /usr/local/bin/uwsgi
your processes number limit is 709
limiting address space of processes...
your process address space limit is 536870912 bytes (512 MB)
your memory page size is 4096 bytes
detected max file descriptor number: 256
lock engine: OSX spinlocks
thunder lock: disabled (you can enable it with --thunder-lock)
uwsgi socket 0 bound to TCP address 127.0.0.1:9827 fd 3
Python version: 2.7.5 (default, Mar  9 2014, 22:15:05)  [GCC 4.2.1 Compatible Apple LLVM 5.0 (clang-500.0.68)]
*** Python threads support is disabled. You can enable it with --enable-threads ***
Python main interpreter initialized at 0x7fc5a86006b0
your server socket listen backlog is limited to 100 connections
your mercy for graceful operations on workers is 60 seconds
mapped 219248 bytes (214 KB) for 1 cores
*** Operational MODE: single process ***
Traceback (most recent call last):
  File "./billing_svr.py", line 12, in <module>
    import req_activate_account
  File "./req_activate_account.py", line 7, in <module>
    import db_helper
  File "./db_helper.py", line 14, in <module>
    conn = MySQLdb.connect(host=MYSQL_HOST, user=MYSQL_USER, passwd=MYSQL_PASSWD, db=MYSQL_DB, charset='utf8')
  File "/Library/Python/2.7/site-packages/pymysql/__init__.py", line 88, in Connect
    return Connection(*args, **kwargs)
  File "/Library/Python/2.7/site-packages/pymysql/connections.py", line 626, in __init__
    self._connect()
  File "/Library/Python/2.7/site-packages/pymysql/connections.py", line 818, in _connect
    2003, "Can't connect to MySQL server on %r (%s)" % (self.host, e))
pymysql.err.OperationalError: (2003, "Can't connect to MySQL server on 'localhost' ([Errno 61] Connection refused)")
unable to load app 0 (mountpoint='') (callable not found or import error)
*** no app loaded. going in full dynamic mode ***
*** uWSGI is running in multiple interpreter mode ***
spawned uWSGI master process (pid: 4947)
spawned uWSGI worker 1 (pid: 4976, cores: 1)
*** Starting uWSGI 2.0.6 (64bit) on [Fri Sep  5 01:45:15 2014] ***
compiled with version: 4.2.1 Compatible Apple LLVM 5.1 (clang-503.0.40) on 21 August 2014 02:43:37
os: Darwin-13.3.0 Darwin Kernel Version 13.3.0: Tue Jun  3 21:27:35 PDT 2014; root:xnu-2422.110.17~1/RELEASE_X86_64
nodename: LeetekiMacBook-Pro.local
machine: x86_64
clock source: unix
pcre jit disabled
detected number of CPU cores: 4
current working directory: /Users/leejustin/Documents/SourceCode/GitHub/wangcai/wangcai_svr/billing/sbin
detected binary path: /usr/local/bin/uwsgi
your processes number limit is 709
limiting address space of processes...
your process address space limit is 536870912 bytes (512 MB)
your memory page size is 4096 bytes
detected max file descriptor number: 256
lock engine: OSX spinlocks
thunder lock: disabled (you can enable it with --thunder-lock)
uwsgi socket 0 bound to TCP address 127.0.0.1:9827 fd 3
Python version: 2.7.5 (default, Mar  9 2014, 22:15:05)  [GCC 4.2.1 Compatible Apple LLVM 5.0 (clang-500.0.68)]
*** Python threads support is disabled. You can enable it with --enable-threads ***
Python main interpreter initialized at 0x7ffd317006b0
your server socket listen backlog is limited to 100 connections
your mercy for graceful operations on workers is 60 seconds
mapped 219248 bytes (214 KB) for 1 cores
*** Operational MODE: single process ***
Traceback (most recent call last):
  File "./billing_svr.py", line 12, in <module>
    import req_activate_account
  File "./req_activate_account.py", line 7, in <module>
    import db_helper
  File "./db_helper.py", line 14, in <module>
    conn = MySQLdb.connect(host=MYSQL_HOST, user=MYSQL_USER, passwd=MYSQL_PASSWD, db=MYSQL_DB, charset='utf8')
  File "/Library/Python/2.7/site-packages/pymysql/__init__.py", line 88, in Connect
    return Connection(*args, **kwargs)
  File "/Library/Python/2.7/site-packages/pymysql/connections.py", line 626, in __init__
    self._connect()
  File "/Library/Python/2.7/site-packages/pymysql/connections.py", line 818, in _connect
    2003, "Can't connect to MySQL server on %r (%s)" % (self.host, e))
pymysql.err.OperationalError: (2003, "Can't connect to MySQL server on 'localhost' ([Errno 61] Connection refused)")
unable to load app 0 (mountpoint='') (callable not found or import error)
*** no app loaded. going in full dynamic mode ***
*** uWSGI is running in multiple interpreter mode ***
spawned uWSGI master process (pid: 5140)
spawned uWSGI worker 1 (pid: 5172, cores: 1)
*** Starting uWSGI 2.0.6 (64bit) on [Fri Sep  5 01:47:57 2014] ***
compiled with version: 4.2.1 Compatible Apple LLVM 5.1 (clang-503.0.40) on 21 August 2014 02:43:37
os: Darwin-13.3.0 Darwin Kernel Version 13.3.0: Tue Jun  3 21:27:35 PDT 2014; root:xnu-2422.110.17~1/RELEASE_X86_64
nodename: LeetekiMacBook-Pro.local
machine: x86_64
clock source: unix
pcre jit disabled
detected number of CPU cores: 4
current working directory: /Users/leejustin/Documents/SourceCode/GitHub/wangcai/wangcai_svr/billing/sbin
detected binary path: /usr/local/bin/uwsgi
your processes number limit is 709
limiting address space of processes...
your process address space limit is 536870912 bytes (512 MB)
your memory page size is 4096 bytes
detected max file descriptor number: 256
lock engine: OSX spinlocks
thunder lock: disabled (you can enable it with --thunder-lock)
uwsgi socket 0 bound to TCP address 127.0.0.1:9827 fd 3
Python version: 2.7.5 (default, Mar  9 2014, 22:15:05)  [GCC 4.2.1 Compatible Apple LLVM 5.0 (clang-500.0.68)]
*** Python threads support is disabled. You can enable it with --enable-threads ***
Python main interpreter initialized at 0x7f8e415010f0
your server socket listen backlog is limited to 100 connections
your mercy for graceful operations on workers is 60 seconds
mapped 219248 bytes (214 KB) for 1 cores
*** Operational MODE: single process ***
WSGI app 0 (mountpoint='') ready in 1 seconds on interpreter 0x7f8e415010f0 pid: 5790 (default app)
*** uWSGI is running in multiple interpreter mode ***
spawned uWSGI master process (pid: 5790)
spawned uWSGI worker 1 (pid: 5820, cores: 1)
[pid: 5820|app: 0|req: 1/1] 127.0.0.1 () {36 vars in 507 bytes} [Fri Sep  5 01:48:14 2014] POST /recharge => generated 10 bytes in 26 msecs (HTTP/1.1 200) 0 headers in 19 bytes (2 switches on core 0)
[pid: 5820|app: 0|req: 2/2] 127.0.0.1 () {32 vars in 503 bytes} [Fri Sep  5 01:48:14 2014] GET /query_balance?userid=0&device_id=794badce379550935db3993f780d3964 => generated 73 bytes in 5 msecs (HTTP/1.1 200) 0 headers in 19 bytes (2 switches on core 0)
*** EVIL RELOAD ON WORKER 1 ADDRESS SPACE: 2533863424 (pid: 5820) ***
DAMN ! worker 1 (pid: 5820) died, killed by signal 9 :( trying respawn ...
Respawned uWSGI worker 1 (new pid: 5852)
[pid: 5852|app: 0|req: 3/3] 127.0.0.1 () {32 vars in 503 bytes} [Fri Sep  5 01:52:39 2014] GET /query_balance?userid=0&device_id=794badce379550935db3993f780d3964 => generated 73 bytes in 12 msecs (HTTP/1.1 200) 0 headers in 19 bytes (2 switches on core 0)
*** EVIL RELOAD ON WORKER 1 ADDRESS SPACE: 2533863424 (pid: 5852) ***
DAMN ! worker 1 (pid: 5852) died, killed by signal 9 :( trying respawn ...
Respawned uWSGI worker 1 (new pid: 6113)
[pid: 6113|app: 0|req: 4/4] 127.0.0.1 () {32 vars in 503 bytes} [Fri Sep  5 02:17:29 2014] GET /query_balance?userid=0&device_id=794badce379550935db3993f780d3964 => generated 73 bytes in 14 msecs (HTTP/1.1 200) 0 headers in 19 bytes (2 switches on core 0)
*** EVIL RELOAD ON WORKER 1 ADDRESS SPACE: 2533863424 (pid: 6113) ***
DAMN ! worker 1 (pid: 6113) died, killed by signal 9 :( trying respawn ...
Respawned uWSGI worker 1 (new pid: 7491)
[pid: 7491|app: 0|req: 5/5] 127.0.0.1 () {36 vars in 521 bytes} [Fri Sep  5 02:18:13 2014] POST /activate_account => generated 73 bytes in 21 msecs (HTTP/1.1 200) 0 headers in 19 bytes (2 switches on core 0)
*** EVIL RELOAD ON WORKER 1 ADDRESS SPACE: 2533863424 (pid: 7491) ***
DAMN ! worker 1 (pid: 7491) died, killed by signal 9 :( trying respawn ...
Respawned uWSGI worker 1 (new pid: 7554)
[pid: 7554|app: 0|req: 6/6] 127.0.0.1 () {32 vars in 503 bytes} [Fri Sep  5 02:18:24 2014] GET /query_balance?userid=1&device_id=794badce379550935db3993f780d3964 => generated 73 bytes in 12 msecs (HTTP/1.1 200) 0 headers in 19 bytes (2 switches on core 0)
*** EVIL RELOAD ON WORKER 1 ADDRESS SPACE: 2533863424 (pid: 7554) ***
DAMN ! worker 1 (pid: 7554) died, killed by signal 9 :( trying respawn ...
Respawned uWSGI worker 1 (new pid: 7570)
[pid: 7570|app: 0|req: 7/7] 127.0.0.1 () {36 vars in 507 bytes} [Fri Sep  5 02:18:37 2014] POST /recharge => generated 10 bytes in 18 msecs (HTTP/1.1 200) 0 headers in 19 bytes (2 switches on core 0)
*** EVIL RELOAD ON WORKER 1 ADDRESS SPACE: 2533863424 (pid: 7570) ***
DAMN ! worker 1 (pid: 7570) died, killed by signal 9 :( trying respawn ...
Respawned uWSGI worker 1 (new pid: 7591)
[pid: 7591|app: 0|req: 8/8] 127.0.0.1 () {36 vars in 507 bytes} [Fri Sep  5 02:25:41 2014] POST /recharge => generated 10 bytes in 13 msecs (HTTP/1.1 200) 0 headers in 19 bytes (2 switches on core 0)
*** EVIL RELOAD ON WORKER 1 ADDRESS SPACE: 2533863424 (pid: 7591) ***
DAMN ! worker 1 (pid: 7591) died, killed by signal 9 :( trying respawn ...
Respawned uWSGI worker 1 (new pid: 8053)
[pid: 8053|app: 0|req: 9/9] 127.0.0.1 () {32 vars in 503 bytes} [Fri Sep  5 02:25:49 2014] GET /query_balance?userid=1&device_id=794badce379550935db3993f780d3964 => generated 73 bytes in 13 msecs (HTTP/1.1 200) 0 headers in 19 bytes (2 switches on core 0)
*** EVIL RELOAD ON WORKER 1 ADDRESS SPACE: 2533863424 (pid: 8053) ***
DAMN ! worker 1 (pid: 8053) died, killed by signal 9 :( trying respawn ...
Respawned uWSGI worker 1 (new pid: 8069)
[pid: 8069|app: 0|req: 10/10] 127.0.0.1 () {32 vars in 503 bytes} [Fri Sep  5 02:26:21 2014] GET /query_balance?userid=1&device_id=794badce379550935db3993f780d3964 => generated 73 bytes in 16 msecs (HTTP/1.1 200) 0 headers in 19 bytes (2 switches on core 0)
*** EVIL RELOAD ON WORKER 1 ADDRESS SPACE: 2533863424 (pid: 8069) ***
DAMN ! worker 1 (pid: 8069) died, killed by signal 9 :( trying respawn ...
Respawned uWSGI worker 1 (new pid: 8124)
Sun Sep  7 01:23:00 2014 - SIGPIPE: writing to a closed pipe/socket/fd (probably the client disconnected) on request /recharge (ip 127.0.0.1) !!!
[pid: 8124|app: 0|req: 11/11] 127.0.0.1 () {36 vars in 507 bytes} [Sun Sep  7 01:23:00 2014] POST /recharge => generated 10 bytes in 90 msecs (HTTP/1.1 200) 0 headers in 19 bytes (2 switches on core 0)
[pid: 8124|app: 0|req: 12/12] 127.0.0.1 () {32 vars in 503 bytes} [Sun Sep  7 01:23:00 2014] GET /query_balance?userid=0&device_id=c4349e3b8f9bee145c5b419dc4edc35a => generated 73 bytes in 7 msecs (HTTP/1.1 200) 0 headers in 19 bytes (2 switches on core 0)
*** EVIL RELOAD ON WORKER 1 ADDRESS SPACE: 2533863424 (pid: 8124) ***
DAMN ! worker 1 (pid: 8124) died, killed by signal 9 :( trying respawn ...
Respawned uWSGI worker 1 (new pid: 15440)
