*** Starting uWSGI 2.0.6 (64bit) on [Thu Sep  4 12:43:14 2014] ***
compiled with version: 4.2.1 Compatible Apple LLVM 5.1 (clang-503.0.40) on 21 August 2014 02:43:37
os: Darwin-13.3.0 Darwin Kernel Version 13.3.0: Tue Jun  3 21:27:35 PDT 2014; root:xnu-2422.110.17~1/RELEASE_X86_64
nodename: LeetekiMacBook-Pro.local
machine: x86_64
clock source: unix
pcre jit disabled
detected number of CPU cores: 4
current working directory: /Users/leejustin/Documents/SourceCode/GitHub/wangcai/wangcai_svr/order/sbin
detected binary path: /usr/local/bin/uwsgi
your processes number limit is 709
limiting address space of processes...
your process address space limit is 536870912 bytes (512 MB)
your memory page size is 4096 bytes
detected max file descriptor number: 256
lock engine: OSX spinlocks
thunder lock: disabled (you can enable it with --thunder-lock)
uwsgi socket 0 bound to TCP address 127.0.0.1:9927 fd 3
Python version: 2.7.5 (default, Mar  9 2014, 22:15:05)  [GCC 4.2.1 Compatible Apple LLVM 5.0 (clang-500.0.68)]
*** Python threads support is disabled. You can enable it with --enable-threads ***
Python main interpreter initialized at 0x7f9409500f60
your server socket listen backlog is limited to 100 connections
your mercy for graceful operations on workers is 60 seconds
mapped 219248 bytes (214 KB) for 1 cores
*** Operational MODE: single process ***
Traceback (most recent call last):
  File "./order_svr.py", line 12, in <module>
    import req_alipay_transfer
  File "./req_alipay_transfer.py", line 7, in <module>
    import db_helper
  File "./db_helper.py", line 14, in <module>
    conn = MySQLdb.connect(host=MYSQL_HOST, user=MYSQL_USER, passwd=MYSQL_PASSWD, db=MYSQL_DB, charset='utf8')
  File "/Library/Python/2.7/site-packages/pymysql/__init__.py", line 88, in Connect
    return Connection(*args, **kwargs)
  File "/Library/Python/2.7/site-packages/pymysql/connections.py", line 626, in __init__
    self._connect()
  File "/Library/Python/2.7/site-packages/pymysql/connections.py", line 818, in _connect
    2003, "Can't connect to MySQL server on %r (%s)" % (self.host, e))
pymysql.err.OperationalError: (2003, "Can't connect to MySQL server on 'localhost' ([Errno 61] Connection refused)")
unable to load app 0 (mountpoint='') (callable not found or import error)
*** no app loaded. going in full dynamic mode ***
*** uWSGI is running in multiple interpreter mode ***
spawned uWSGI master process (pid: 6768)
spawned uWSGI worker 1 (pid: 6786, cores: 1)
*** Starting uWSGI 2.0.6 (64bit) on [Thu Sep  4 12:58:41 2014] ***
compiled with version: 4.2.1 Compatible Apple LLVM 5.1 (clang-503.0.40) on 21 August 2014 02:43:37
os: Darwin-13.3.0 Darwin Kernel Version 13.3.0: Tue Jun  3 21:27:35 PDT 2014; root:xnu-2422.110.17~1/RELEASE_X86_64
nodename: LeetekiMacBook-Pro.local
machine: x86_64
clock source: unix
pcre jit disabled
detected number of CPU cores: 4
current working directory: /Users/leejustin/Documents/SourceCode/GitHub/wangcai/wangcai_svr/order/sbin
detected binary path: /usr/local/bin/uwsgi
your processes number limit is 709
limiting address space of processes...
your process address space limit is 536870912 bytes (512 MB)
your memory page size is 4096 bytes
detected max file descriptor number: 256
lock engine: OSX spinlocks
thunder lock: disabled (you can enable it with --thunder-lock)
uwsgi socket 0 bound to TCP address 127.0.0.1:9927 fd 3
Python version: 2.7.5 (default, Mar  9 2014, 22:15:05)  [GCC 4.2.1 Compatible Apple LLVM 5.0 (clang-500.0.68)]
*** Python threads support is disabled. You can enable it with --enable-threads ***
Python main interpreter initialized at 0x7f9020f00930
your server socket listen backlog is limited to 100 connections
your mercy for graceful operations on workers is 60 seconds
mapped 219248 bytes (214 KB) for 1 cores
*** Operational MODE: single process ***
Traceback (most recent call last):
  File "./order_svr.py", line 12, in <module>
    import req_alipay_transfer
  File "./req_alipay_transfer.py", line 7, in <module>
    import db_helper
  File "./db_helper.py", line 14, in <module>
    conn = MySQLdb.connect(host=MYSQL_HOST, user=MYSQL_USER, passwd=MYSQL_PASSWD, db=MYSQL_DB, charset='utf8')
  File "/Library/Python/2.7/site-packages/pymysql/__init__.py", line 88, in Connect
    return Connection(*args, **kwargs)
  File "/Library/Python/2.7/site-packages/pymysql/connections.py", line 626, in __init__
    self._connect()
  File "/Library/Python/2.7/site-packages/pymysql/connections.py", line 818, in _connect
    2003, "Can't connect to MySQL server on %r (%s)" % (self.host, e))
pymysql.err.OperationalError: (2003, "Can't connect to MySQL server on 'localhost' ([Errno 61] Connection refused)")
unable to load app 0 (mountpoint='') (callable not found or import error)
*** no app loaded. going in full dynamic mode ***
*** uWSGI is running in multiple interpreter mode ***
spawned uWSGI master process (pid: 7039)
spawned uWSGI worker 1 (pid: 7054, cores: 1)
*** Starting uWSGI 2.0.6 (64bit) on [Fri Sep  5 00:15:24 2014] ***
compiled with version: 4.2.1 Compatible Apple LLVM 5.1 (clang-503.0.40) on 21 August 2014 02:43:37
os: Darwin-13.3.0 Darwin Kernel Version 13.3.0: Tue Jun  3 21:27:35 PDT 2014; root:xnu-2422.110.17~1/RELEASE_X86_64
nodename: LeetekiMacBook-Pro.local
machine: x86_64
clock source: unix
pcre jit disabled
detected number of CPU cores: 4
current working directory: /Users/leejustin/Documents/SourceCode/GitHub/wangcai/wangcai_svr/order/sbin
detected binary path: /usr/local/bin/uwsgi
your processes number limit is 709
limiting address space of processes...
your process address space limit is 536870912 bytes (512 MB)
your memory page size is 4096 bytes
detected max file descriptor number: 256
lock engine: OSX spinlocks
thunder lock: disabled (you can enable it with --thunder-lock)
uwsgi socket 0 bound to TCP address 127.0.0.1:9927 fd 3
Python version: 2.7.5 (default, Mar  9 2014, 22:15:05)  [GCC 4.2.1 Compatible Apple LLVM 5.0 (clang-500.0.68)]
*** Python threads support is disabled. You can enable it with --enable-threads ***
Python main interpreter initialized at 0x7f8e28c0bc40
your server socket listen backlog is limited to 100 connections
your mercy for graceful operations on workers is 60 seconds
mapped 219248 bytes (214 KB) for 1 cores
*** Operational MODE: single process ***
Traceback (most recent call last):
  File "./order_svr.py", line 12, in <module>
    import req_alipay_transfer
  File "./req_alipay_transfer.py", line 7, in <module>
    import db_helper
  File "./db_helper.py", line 14, in <module>
    conn = MySQLdb.connect(host=MYSQL_HOST, user=MYSQL_USER, passwd=MYSQL_PASSWD, db=MYSQL_DB, charset='utf8')
  File "/Library/Python/2.7/site-packages/pymysql/__init__.py", line 88, in Connect
    return Connection(*args, **kwargs)
  File "/Library/Python/2.7/site-packages/pymysql/connections.py", line 626, in __init__
    self._connect()
  File "/Library/Python/2.7/site-packages/pymysql/connections.py", line 818, in _connect
    2003, "Can't connect to MySQL server on %r (%s)" % (self.host, e))
pymysql.err.OperationalError: (2003, "Can't connect to MySQL server on 'localhost' ([Errno 61] Connection refused)")
unable to load app 0 (mountpoint='') (callable not found or import error)
*** no app loaded. going in full dynamic mode ***
*** uWSGI is running in multiple interpreter mode ***
spawned uWSGI master process (pid: 4270)
spawned uWSGI worker 1 (pid: 4287, cores: 1)
*** Starting uWSGI 2.0.6 (64bit) on [Fri Sep  5 01:36:02 2014] ***
compiled with version: 4.2.1 Compatible Apple LLVM 5.1 (clang-503.0.40) on 21 August 2014 02:43:37
os: Darwin-13.3.0 Darwin Kernel Version 13.3.0: Tue Jun  3 21:27:35 PDT 2014; root:xnu-2422.110.17~1/RELEASE_X86_64
nodename: LeetekiMacBook-Pro.local
machine: x86_64
clock source: unix
pcre jit disabled
detected number of CPU cores: 4
current working directory: /Users/leejustin/Documents/SourceCode/GitHub/wangcai/wangcai_svr/order/sbin
detected binary path: /usr/local/bin/uwsgi
your processes number limit is 709
limiting address space of processes...
your process address space limit is 536870912 bytes (512 MB)
your memory page size is 4096 bytes
detected max file descriptor number: 256
lock engine: OSX spinlocks
thunder lock: disabled (you can enable it with --thunder-lock)
uwsgi socket 0 bound to TCP address 127.0.0.1:9927 fd 3
Python version: 2.7.5 (default, Mar  9 2014, 22:15:05)  [GCC 4.2.1 Compatible Apple LLVM 5.0 (clang-500.0.68)]
*** Python threads support is disabled. You can enable it with --enable-threads ***
Python main interpreter initialized at 0x7f9bd1e00a10
your server socket listen backlog is limited to 100 connections
your mercy for graceful operations on workers is 60 seconds
mapped 219248 bytes (214 KB) for 1 cores
*** Operational MODE: single process ***
Traceback (most recent call last):
  File "./order_svr.py", line 12, in <module>
    import req_alipay_transfer
  File "./req_alipay_transfer.py", line 7, in <module>
    import db_helper
  File "./db_helper.py", line 14, in <module>
    conn = MySQLdb.connect(host=MYSQL_HOST, user=MYSQL_USER, passwd=MYSQL_PASSWD, db=MYSQL_DB, charset='utf8')
  File "/Library/Python/2.7/site-packages/pymysql/__init__.py", line 88, in Connect
    return Connection(*args, **kwargs)
  File "/Library/Python/2.7/site-packages/pymysql/connections.py", line 626, in __init__
    self._connect()
  File "/Library/Python/2.7/site-packages/pymysql/connections.py", line 818, in _connect
    2003, "Can't connect to MySQL server on %r (%s)" % (self.host, e))
pymysql.err.OperationalError: (2003, "Can't connect to MySQL server on 'localhost' ([Errno 61] Connection refused)")
unable to load app 0 (mountpoint='') (callable not found or import error)
*** no app loaded. going in full dynamic mode ***
*** uWSGI is running in multiple interpreter mode ***
spawned uWSGI master process (pid: 4962)
spawned uWSGI worker 1 (pid: 4978, cores: 1)
*** Starting uWSGI 2.0.6 (64bit) on [Fri Sep  5 01:45:15 2014] ***
compiled with version: 4.2.1 Compatible Apple LLVM 5.1 (clang-503.0.40) on 21 August 2014 02:43:37
os: Darwin-13.3.0 Darwin Kernel Version 13.3.0: Tue Jun  3 21:27:35 PDT 2014; root:xnu-2422.110.17~1/RELEASE_X86_64
nodename: LeetekiMacBook-Pro.local
machine: x86_64
clock source: unix
pcre jit disabled
detected number of CPU cores: 4
current working directory: /Users/leejustin/Documents/SourceCode/GitHub/wangcai/wangcai_svr/order/sbin
detected binary path: /usr/local/bin/uwsgi
your processes number limit is 709
limiting address space of processes...
your process address space limit is 536870912 bytes (512 MB)
your memory page size is 4096 bytes
detected max file descriptor number: 256
lock engine: OSX spinlocks
thunder lock: disabled (you can enable it with --thunder-lock)
uwsgi socket 0 bound to TCP address 127.0.0.1:9927 fd 3
Python version: 2.7.5 (default, Mar  9 2014, 22:15:05)  [GCC 4.2.1 Compatible Apple LLVM 5.0 (clang-500.0.68)]
*** Python threads support is disabled. You can enable it with --enable-threads ***
Python main interpreter initialized at 0x7fe963700100
your server socket listen backlog is limited to 100 connections
your mercy for graceful operations on workers is 60 seconds
mapped 219248 bytes (214 KB) for 1 cores
*** Operational MODE: single process ***
Traceback (most recent call last):
  File "./order_svr.py", line 12, in <module>
    import req_alipay_transfer
  File "./req_alipay_transfer.py", line 7, in <module>
    import db_helper
  File "./db_helper.py", line 14, in <module>
    conn = MySQLdb.connect(host=MYSQL_HOST, user=MYSQL_USER, passwd=MYSQL_PASSWD, db=MYSQL_DB, charset='utf8')
  File "/Library/Python/2.7/site-packages/pymysql/__init__.py", line 88, in Connect
    return Connection(*args, **kwargs)
  File "/Library/Python/2.7/site-packages/pymysql/connections.py", line 626, in __init__
    self._connect()
  File "/Library/Python/2.7/site-packages/pymysql/connections.py", line 818, in _connect
    2003, "Can't connect to MySQL server on %r (%s)" % (self.host, e))
pymysql.err.OperationalError: (2003, "Can't connect to MySQL server on 'localhost' ([Errno 61] Connection refused)")
unable to load app 0 (mountpoint='') (callable not found or import error)
*** no app loaded. going in full dynamic mode ***
*** uWSGI is running in multiple interpreter mode ***
spawned uWSGI master process (pid: 5155)
spawned uWSGI worker 1 (pid: 5174, cores: 1)
*** Starting uWSGI 2.0.6 (64bit) on [Fri Sep  5 01:47:57 2014] ***
compiled with version: 4.2.1 Compatible Apple LLVM 5.1 (clang-503.0.40) on 21 August 2014 02:43:37
os: Darwin-13.3.0 Darwin Kernel Version 13.3.0: Tue Jun  3 21:27:35 PDT 2014; root:xnu-2422.110.17~1/RELEASE_X86_64
nodename: LeetekiMacBook-Pro.local
machine: x86_64
clock source: unix
pcre jit disabled
detected number of CPU cores: 4
current working directory: /Users/leejustin/Documents/SourceCode/GitHub/wangcai/wangcai_svr/order/sbin
detected binary path: /usr/local/bin/uwsgi
your processes number limit is 709
limiting address space of processes...
your process address space limit is 536870912 bytes (512 MB)
your memory page size is 4096 bytes
detected max file descriptor number: 256
lock engine: OSX spinlocks
thunder lock: disabled (you can enable it with --thunder-lock)
uwsgi socket 0 bound to TCP address 127.0.0.1:9927 fd 3
Python version: 2.7.5 (default, Mar  9 2014, 22:15:05)  [GCC 4.2.1 Compatible Apple LLVM 5.0 (clang-500.0.68)]
*** Python threads support is disabled. You can enable it with --enable-threads ***
Python main interpreter initialized at 0x7f952140b370
your server socket listen backlog is limited to 100 connections
your mercy for graceful operations on workers is 60 seconds
mapped 219248 bytes (214 KB) for 1 cores
*** Operational MODE: single process ***
WSGI app 0 (mountpoint='') ready in 1 seconds on interpreter 0x7f952140b370 pid: 5805 (default app)
*** uWSGI is running in multiple interpreter mode ***
spawned uWSGI master process (pid: 5805)
spawned uWSGI worker 1 (pid: 5821, cores: 1)
